k:\download\customengine\customengine\customengine\x64\debug\vc143.pdb
k:\download\customengine\customengine\customengine\x64\debug\vc143.idb
k:\download\customengine\customengine\customengine\x64\debug\customengine.obj
k:\download\customengine\customengine\x64\debug\customengine.exe
k:\download\customengine\customengine\x64\debug\customengine.pdb
k:\download\customengine\customengine\customengine\x64\debug\customengine.res
k:\download\customengine\customengine\customengine\x64\debug\customengine.ilk
k:\download\customengine\customengine\customengine\x64\debug\customengine.tlog\cl.command.1.tlog
k:\download\customengine\customengine\customengine\x64\debug\customengine.tlog\cl.items.tlog
k:\download\customengine\customengine\customengine\x64\debug\customengine.tlog\cl.read.1.tlog
k:\download\customengine\customengine\customengine\x64\debug\customengine.tlog\cl.write.1.tlog
k:\download\customengine\customengine\customengine\x64\debug\customengine.tlog\fxc.command.1.tlog
k:\download\customengine\customengine\customengine\x64\debug\customengine.tlog\fxc.read.1.tlog
k:\download\customengine\customengine\customengine\x64\debug\customengine.tlog\link.command.1.tlog
k:\download\customengine\customengine\customengine\x64\debug\customengine.tlog\link.read.1.tlog
k:\download\customengine\customengine\customengine\x64\debug\customengine.tlog\link.secondary.1.tlog
k:\download\customengine\customengine\customengine\x64\debug\customengine.tlog\link.write.1.tlog
k:\download\customengine\customengine\customengine\x64\debug\customengine.tlog\rc.command.1.tlog
k:\download\customengine\customengine\customengine\x64\debug\customengine.tlog\rc.read.1.tlog
k:\download\customengine\customengine\customengine\x64\debug\customengine.tlog\rc.write.1.tlog
